mode: atomic
github.com/dutchcoders/transfer.sh/server/clamav.go:42.70,60.16 11 0
github.com/dutchcoders/transfer.sh/server/clamav.go:66.2,66.9 1 0
github.com/dutchcoders/transfer.sh/server/clamav.go:73.2,73.14 1 0
github.com/dutchcoders/transfer.sh/server/clamav.go:60.16,64.3 3 0
github.com/dutchcoders/transfer.sh/server/clamav.go:67.23,68.49 1 0
github.com/dutchcoders/transfer.sh/server/clamav.go:69.38,70.16 1 0
github.com/dutchcoders/transfer.sh/server/ip_filter.go:63.50,64.24 1 0
github.com/dutchcoders/transfer.sh/server/ip_filter.go:68.2,73.37 2 0
github.com/dutchcoders/transfer.sh/server/ip_filter.go:76.2,76.37 1 0
github.com/dutchcoders/transfer.sh/server/ip_filter.go:79.2,79.10 1 0
github.com/dutchcoders/transfer.sh/server/ip_filter.go:64.24,67.3 2 0
github.com/dutchcoders/transfer.sh/server/ip_filter.go:73.37,75.3 1 0
github.com/dutchcoders/transfer.sh/server/ip_filter.go:76.37,78.3 1 0
github.com/dutchcoders/transfer.sh/server/ip_filter.go:82.44,84.2 1 0
github.com/dutchcoders/transfer.sh/server/ip_filter.go:86.44,88.2 1 0
github.com/dutchcoders/transfer.sh/server/ip_filter.go:90.60,92.52 1 0
github.com/dutchcoders/transfer.sh/server/ip_filter.go:121.2,121.39 1 0
github.com/dutchcoders/transfer.sh/server/ip_filter.go:127.2,127.14 1 0
github.com/dutchcoders/transfer.sh/server/ip_filter.go:92.52,94.46 1 0
github.com/dutchcoders/transfer.sh/server/ip_filter.go:101.3,103.36 3 0
github.com/dutchcoders/transfer.sh/server/ip_filter.go:110.3,110.13 1 0
github.com/dutchcoders/transfer.sh/server/ip_filter.go:117.3,118.14 2 0
github.com/dutchcoders/transfer.sh/server/ip_filter.go:94.46,99.4 4 0
github.com/dutchcoders/transfer.sh/server/ip_filter.go:103.36,104.25 1 0
github.com/dutchcoders/transfer.sh/server/ip_filter.go:104.25,107.10 3 0
github.com/dutchcoders/transfer.sh/server/ip_filter.go:110.13,116.4 1 0
github.com/dutchcoders/transfer.sh/server/ip_filter.go:121.39,126.3 4 0
github.com/dutchcoders/transfer.sh/server/ip_filter.go:131.48,135.2 3 0
github.com/dutchcoders/transfer.sh/server/ip_filter.go:138.47,140.2 1 0
github.com/dutchcoders/transfer.sh/server/ip_filter.go:143.47,145.15 1 0
github.com/dutchcoders/transfer.sh/server/ip_filter.go:150.2,154.8 4 0
github.com/dutchcoders/transfer.sh/server/ip_filter.go:158.2,159.35 2 0
github.com/dutchcoders/transfer.sh/server/ip_filter.go:167.2,167.13 1 0
github.com/dutchcoders/transfer.sh/server/ip_filter.go:172.2,172.25 1 0
github.com/dutchcoders/transfer.sh/server/ip_filter.go:145.15,147.3 1 0
github.com/dutchcoders/transfer.sh/server/ip_filter.go:154.8,156.3 1 0
github.com/dutchcoders/transfer.sh/server/ip_filter.go:159.35,160.32 1 0
github.com/dutchcoders/transfer.sh/server/ip_filter.go:160.32,161.22 1 0
github.com/dutchcoders/transfer.sh/server/ip_filter.go:164.4,164.18 1 0
github.com/dutchcoders/transfer.sh/server/ip_filter.go:161.22,163.5 1 0
github.com/dutchcoders/transfer.sh/server/ip_filter.go:167.13,169.3 1 0
github.com/dutchcoders/transfer.sh/server/ip_filter.go:176.44,178.2 1 0
github.com/dutchcoders/transfer.sh/server/ip_filter.go:181.47,183.2 1 0
github.com/dutchcoders/transfer.sh/server/ip_filter.go:187.57,189.2 1 0
github.com/dutchcoders/transfer.sh/server/ip_filter.go:192.73,194.2 1 0
github.com/dutchcoders/transfer.sh/server/ip_filter.go:201.80,204.35 2 0
github.com/dutchcoders/transfer.sh/server/ip_filter.go:211.2,211.24 1 0
github.com/dutchcoders/transfer.sh/server/ip_filter.go:204.35,208.3 2 0
github.com/dutchcoders/transfer.sh/server/server_option.go:18.36,19.28 1 0
github.com/dutchcoders/transfer.sh/server/server_option.go:19.28,21.3 1 0
github.com/dutchcoders/transfer.sh/server/server_option.go:24.39,25.28 1 0
github.com/dutchcoders/transfer.sh/server/server_option.go:25.28,27.3 1 0
github.com/dutchcoders/transfer.sh/server/server_option.go:30.34,31.28 1 0
github.com/dutchcoders/transfer.sh/server/server_option.go:31.28,33.3 1 0
github.com/dutchcoders/transfer.sh/server/server_option.go:37.37,38.28 1 0
github.com/dutchcoders/transfer.sh/server/server_option.go:38.28,40.3 1 0
github.com/dutchcoders/transfer.sh/server/server_option.go:44.45,45.28 1 0
github.com/dutchcoders/transfer.sh/server/server_option.go:45.28,47.3 1 0
github.com/dutchcoders/transfer.sh/server/server_option.go:50.46,51.28 1 0
github.com/dutchcoders/transfer.sh/server/server_option.go:51.28,53.3 1 0
github.com/dutchcoders/transfer.sh/server/server_option.go:56.45,57.28 1 0
github.com/dutchcoders/transfer.sh/server/server_option.go:57.28,60.3 2 0
github.com/dutchcoders/transfer.sh/server/server_option.go:64.41,65.28 1 0
github.com/dutchcoders/transfer.sh/server/server_option.go:65.28,67.3 1 0
github.com/dutchcoders/transfer.sh/server/server_option.go:70.33,71.28 1 0
github.com/dutchcoders/transfer.sh/server/server_option.go:71.28,72.26 1 0
github.com/dutchcoders/transfer.sh/server/server_option.go:76.3,76.19 1 0
github.com/dutchcoders/transfer.sh/server/server_option.go:72.26,74.4 1 0
github.com/dutchcoders/transfer.sh/server/server_option.go:80.35,81.28 1 0
github.com/dutchcoders/transfer.sh/server/server_option.go:81.28,82.26 1 0
github.com/dutchcoders/transfer.sh/server/server_option.go:86.3,86.21 1 0
github.com/dutchcoders/transfer.sh/server/server_option.go:82.26,84.4 1 0
github.com/dutchcoders/transfer.sh/server/server_option.go:90.34,91.28 1 0
github.com/dutchcoders/transfer.sh/server/server_option.go:91.28,92.26 1 0
github.com/dutchcoders/transfer.sh/server/server_option.go:96.3,96.20 1 0
github.com/dutchcoders/transfer.sh/server/server_option.go:92.26,94.4 1 0
github.com/dutchcoders/transfer.sh/server/server_option.go:100.53,101.28 1 0
github.com/dutchcoders/transfer.sh/server/server_option.go:101.28,103.17 2 0
github.com/dutchcoders/transfer.sh/server/server_option.go:107.3,108.23 2 0
github.com/dutchcoders/transfer.sh/server/server_option.go:103.17,105.4 1 0
github.com/dutchcoders/transfer.sh/server/server_option.go:112.42,113.28 1 0
github.com/dutchcoders/transfer.sh/server/server_option.go:113.28,115.3 1 0
github.com/dutchcoders/transfer.sh/server/server_option.go:118.39,119.28 1 0
github.com/dutchcoders/transfer.sh/server/server_option.go:119.28,121.3 1 0
github.com/dutchcoders/transfer.sh/server/server_option.go:124.28,125.28 1 4
github.com/dutchcoders/transfer.sh/server/server_option.go:125.28,127.3 1 4
github.com/dutchcoders/transfer.sh/server/server_option.go:130.32,131.28 1 0
github.com/dutchcoders/transfer.sh/server/server_option.go:131.28,133.3 1 0
github.com/dutchcoders/transfer.sh/server/server_option.go:136.41,137.28 1 0
github.com/dutchcoders/transfer.sh/server/server_option.go:137.28,139.3 1 0
github.com/dutchcoders/transfer.sh/server/server_option.go:142.37,143.28 1 0
github.com/dutchcoders/transfer.sh/server/server_option.go:143.28,145.3 1 0
github.com/dutchcoders/transfer.sh/server/server_option.go:148.46,149.28 1 0
github.com/dutchcoders/transfer.sh/server/server_option.go:149.28,155.59 2 0
github.com/dutchcoders/transfer.sh/server/server_option.go:170.3,172.4 1 0
github.com/dutchcoders/transfer.sh/server/server_option.go:155.59,158.29 2 0
github.com/dutchcoders/transfer.sh/server/server_option.go:162.5,162.15 1 0
github.com/dutchcoders/transfer.sh/server/server_option.go:166.5,166.15 1 0
github.com/dutchcoders/transfer.sh/server/server_option.go:158.29,160.6 1 0
github.com/dutchcoders/transfer.sh/server/server_option.go:162.15,164.6 1 0
github.com/dutchcoders/transfer.sh/server/server_option.go:176.42,178.28 2 0
github.com/dutchcoders/transfer.sh/server/server_option.go:178.28,180.85 1 0
github.com/dutchcoders/transfer.sh/server/server_option.go:180.85,182.5 1 0
github.com/dutchcoders/transfer.sh/server/server_option.go:187.62,188.28 1 0
github.com/dutchcoders/transfer.sh/server/server_option.go:188.28,190.3 1 0
github.com/dutchcoders/transfer.sh/server/server_option.go:193.54,194.47 1 0
github.com/dutchcoders/transfer.sh/server/server_option.go:198.2,198.47 1 0
github.com/dutchcoders/transfer.sh/server/server_option.go:202.2,202.28 1 0
github.com/dutchcoders/transfer.sh/server/server_option.go:194.47,196.3 1 0
github.com/dutchcoders/transfer.sh/server/server_option.go:198.47,200.3 1 0
github.com/dutchcoders/transfer.sh/server/server_option.go:202.28,204.3 1 0
github.com/dutchcoders/transfer.sh/server/storage.go:42.81,44.2 1 0
github.com/dutchcoders/transfer.sh/server/storage.go:46.38,48.2 1 0
github.com/dutchcoders/transfer.sh/server/storage.go:50.94,54.42 3 0
github.com/dutchcoders/transfer.sh/server/storage.go:58.2,60.8 2 0
github.com/dutchcoders/transfer.sh/server/storage.go:54.42,56.3 1 0
github.com/dutchcoders/transfer.sh/server/storage.go:63.115,67.45 2 0
github.com/dutchcoders/transfer.sh/server/storage.go:71.2,72.42 2 0
github.com/dutchcoders/transfer.sh/server/storage.go:76.2,78.8 2 0
github.com/dutchcoders/transfer.sh/server/storage.go:67.45,69.3 1 0
github.com/dutchcoders/transfer.sh/server/storage.go:72.42,74.3 1 0
github.com/dutchcoders/transfer.sh/server/storage.go:81.74,88.2 5 0
github.com/dutchcoders/transfer.sh/server/storage.go:90.51,91.16 1 0
github.com/dutchcoders/transfer.sh/server/storage.go:95.2,95.27 1 0
github.com/dutchcoders/transfer.sh/server/storage.go:91.16,93.3 1 0
github.com/dutchcoders/transfer.sh/server/storage.go:98.125,104.67 4 0
github.com/dutchcoders/transfer.sh/server/storage.go:108.2,108.109 1 0
github.com/dutchcoders/transfer.sh/server/storage.go:112.2,114.45 2 0
github.com/dutchcoders/transfer.sh/server/storage.go:118.2,118.12 1 0
github.com/dutchcoders/transfer.sh/server/storage.go:104.67,106.3 1 0
github.com/dutchcoders/transfer.sh/server/storage.go:108.109,110.3 1 0
github.com/dutchcoders/transfer.sh/server/storage.go:114.45,116.3 1 0
github.com/dutchcoders/transfer.sh/server/storage.go:130.162,134.2 2 0
github.com/dutchcoders/transfer.sh/server/storage.go:136.35,138.2 1 0
github.com/dutchcoders/transfer.sh/server/storage.go:140.91,150.16 4 0
github.com/dutchcoders/transfer.sh/server/storage.go:154.2,154.35 1 0
github.com/dutchcoders/transfer.sh/server/storage.go:158.2,158.8 1 0
github.com/dutchcoders/transfer.sh/server/storage.go:150.16,152.3 1 0
github.com/dutchcoders/transfer.sh/server/storage.go:154.35,156.3 1 0
github.com/dutchcoders/transfer.sh/server/storage.go:161.48,162.16 1 0
github.com/dutchcoders/transfer.sh/server/storage.go:166.2,166.40 1 0
github.com/dutchcoders/transfer.sh/server/storage.go:173.2,173.14 1 0
github.com/dutchcoders/transfer.sh/server/storage.go:162.16,164.3 1 0
github.com/dutchcoders/transfer.sh/server/storage.go:166.40,167.22 1 0
github.com/dutchcoders/transfer.sh/server/storage.go:168.28,169.15 1 0
github.com/dutchcoders/transfer.sh/server/storage.go:176.112,185.16 4 0
github.com/dutchcoders/transfer.sh/server/storage.go:189.2,189.35 1 0
github.com/dutchcoders/transfer.sh/server/storage.go:193.2,194.8 2 0
github.com/dutchcoders/transfer.sh/server/storage.go:185.16,187.3 1 0
github.com/dutchcoders/transfer.sh/server/storage.go:189.35,191.3 1 0
github.com/dutchcoders/transfer.sh/server/storage.go:197.71,205.16 4 0
github.com/dutchcoders/transfer.sh/server/storage.go:209.2,217.8 4 0
github.com/dutchcoders/transfer.sh/server/storage.go:205.16,207.3 1 0
github.com/dutchcoders/transfer.sh/server/storage.go:220.128,225.20 4 0
github.com/dutchcoders/transfer.sh/server/storage.go:232.2,232.75 1 0
github.com/dutchcoders/transfer.sh/server/storage.go:237.2,243.8 2 0
github.com/dutchcoders/transfer.sh/server/storage.go:225.20,227.3 1 0
github.com/dutchcoders/transfer.sh/server/storage.go:227.8,229.3 1 0
github.com/dutchcoders/transfer.sh/server/storage.go:232.75,235.3 2 0
github.com/dutchcoders/transfer.sh/server/storage.go:255.142,257.16 2 0
github.com/dutchcoders/transfer.sh/server/storage.go:262.2,263.16 2 0
github.com/dutchcoders/transfer.sh/server/storage.go:267.2,268.16 2 0
github.com/dutchcoders/transfer.sh/server/storage.go:272.2,275.16 4 0
github.com/dutchcoders/transfer.sh/server/storage.go:279.2,279.21 1 0
github.com/dutchcoders/transfer.sh/server/storage.go:257.16,259.3 1 0
github.com/dutchcoders/transfer.sh/server/storage.go:263.16,265.3 1 0
github.com/dutchcoders/transfer.sh/server/storage.go:268.16,270.3 1 0
github.com/dutchcoders/transfer.sh/server/storage.go:275.16,277.3 1 0
github.com/dutchcoders/transfer.sh/server/storage.go:286.36,290.39 3 0
github.com/dutchcoders/transfer.sh/server/storage.go:294.2,294.26 1 0
github.com/dutchcoders/transfer.sh/server/storage.go:299.2,305.16 3 0
github.com/dutchcoders/transfer.sh/server/storage.go:309.2,311.16 3 0
github.com/dutchcoders/transfer.sh/server/storage.go:315.2,315.12 1 0
github.com/dutchcoders/transfer.sh/server/storage.go:290.39,292.3 1 0
github.com/dutchcoders/transfer.sh/server/storage.go:294.26,297.3 2 0
github.com/dutchcoders/transfer.sh/server/storage.go:305.16,307.3 1 0
github.com/dutchcoders/transfer.sh/server/storage.go:311.16,313.3 1 0
github.com/dutchcoders/transfer.sh/server/storage.go:318.50,320.2 1 0
github.com/dutchcoders/transfer.sh/server/storage.go:322.80,324.2 1 0
github.com/dutchcoders/transfer.sh/server/storage.go:326.72,334.16 6 0
github.com/dutchcoders/transfer.sh/server/storage.go:338.2,338.23 1 0
github.com/dutchcoders/transfer.sh/server/storage.go:351.2,351.20 1 0
github.com/dutchcoders/transfer.sh/server/storage.go:357.2,359.16 3 0
github.com/dutchcoders/transfer.sh/server/storage.go:363.2,363.23 1 0
github.com/dutchcoders/transfer.sh/server/storage.go:377.2,377.18 1 0
github.com/dutchcoders/transfer.sh/server/storage.go:381.2,381.20 1 0
github.com/dutchcoders/transfer.sh/server/storage.go:334.16,336.3 1 0
github.com/dutchcoders/transfer.sh/server/storage.go:338.23,339.30 1 0
github.com/dutchcoders/transfer.sh/server/storage.go:344.3,344.28 1 0
github.com/dutchcoders/transfer.sh/server/storage.go:348.3,348.38 1 0
github.com/dutchcoders/transfer.sh/server/storage.go:339.30,341.9 2 0
github.com/dutchcoders/transfer.sh/server/storage.go:344.28,345.9 1 0
github.com/dutchcoders/transfer.sh/server/storage.go:351.20,353.3 1 0
github.com/dutchcoders/transfer.sh/server/storage.go:353.8,353.26 1 0
github.com/dutchcoders/transfer.sh/server/storage.go:353.26,355.3 1 0
github.com/dutchcoders/transfer.sh/server/storage.go:359.16,361.3 1 0
github.com/dutchcoders/transfer.sh/server/storage.go:363.23,364.30 1 0
github.com/dutchcoders/transfer.sh/server/storage.go:370.3,370.28 1 0
github.com/dutchcoders/transfer.sh/server/storage.go:374.3,374.38 1 0
github.com/dutchcoders/transfer.sh/server/storage.go:364.30,367.9 2 0
github.com/dutchcoders/transfer.sh/server/storage.go:370.28,371.9 1 0
github.com/dutchcoders/transfer.sh/server/storage.go:377.18,379.3 1 0
github.com/dutchcoders/transfer.sh/server/storage.go:384.32,386.2 1 0
github.com/dutchcoders/transfer.sh/server/storage.go:388.88,391.16 3 0
github.com/dutchcoders/transfer.sh/server/storage.go:395.2,396.75 2 0
github.com/dutchcoders/transfer.sh/server/storage.go:400.2,402.8 2 0
github.com/dutchcoders/transfer.sh/server/storage.go:391.16,393.3 1 0
github.com/dutchcoders/transfer.sh/server/storage.go:396.75,398.3 1 0
github.com/dutchcoders/transfer.sh/server/storage.go:405.109,408.16 3 0
github.com/dutchcoders/transfer.sh/server/storage.go:412.2,414.24 3 0
github.com/dutchcoders/transfer.sh/server/storage.go:419.2,424.16 5 0
github.com/dutchcoders/transfer.sh/server/storage.go:428.2,430.8 2 0
github.com/dutchcoders/transfer.sh/server/storage.go:408.16,410.3 1 0
github.com/dutchcoders/transfer.sh/server/storage.go:414.24,417.3 2 0
github.com/dutchcoders/transfer.sh/server/storage.go:424.16,426.3 1 0
github.com/dutchcoders/transfer.sh/server/storage.go:433.68,439.16 5 0
github.com/dutchcoders/transfer.sh/server/storage.go:443.2,444.8 2 0
github.com/dutchcoders/transfer.sh/server/storage.go:439.16,441.3 1 0
github.com/dutchcoders/transfer.sh/server/storage.go:447.45,448.16 1 0
github.com/dutchcoders/transfer.sh/server/storage.go:454.2,454.14 1 0
github.com/dutchcoders/transfer.sh/server/storage.go:448.16,449.42 1 0
github.com/dutchcoders/transfer.sh/server/storage.go:449.42,451.4 1 0
github.com/dutchcoders/transfer.sh/server/storage.go:457.119,459.16 2 0
github.com/dutchcoders/transfer.sh/server/storage.go:463.2,463.17 1 0
github.com/dutchcoders/transfer.sh/server/storage.go:479.2,488.16 4 0
github.com/dutchcoders/transfer.sh/server/storage.go:492.2,492.12 1 0
github.com/dutchcoders/transfer.sh/server/storage.go:459.16,461.3 1 0
github.com/dutchcoders/transfer.sh/server/storage.go:463.17,471.17 3 0
github.com/dutchcoders/transfer.sh/server/storage.go:475.3,475.16 1 0
github.com/dutchcoders/transfer.sh/server/storage.go:471.17,473.4 1 0
github.com/dutchcoders/transfer.sh/server/storage.go:488.16,490.3 1 0
github.com/dutchcoders/transfer.sh/server/storage.go:496.102,499.16 3 0
github.com/dutchcoders/transfer.sh/server/storage.go:504.2,504.49 1 0
github.com/dutchcoders/transfer.sh/server/storage.go:499.16,502.3 2 0
github.com/dutchcoders/transfer.sh/server/storage.go:508.85,514.47 4 0
github.com/dutchcoders/transfer.sh/server/storage.go:518.2,519.16 2 0
github.com/dutchcoders/transfer.sh/server/storage.go:522.2,522.12 1 0
github.com/dutchcoders/transfer.sh/server/storage.go:514.47,516.3 1 0
github.com/dutchcoders/transfer.sh/server/storage.go:519.16,521.3 1 0
github.com/dutchcoders/transfer.sh/server/storage.go:526.62,529.16 3 0
github.com/dutchcoders/transfer.sh/server/storage.go:532.2,534.17 3 0
github.com/dutchcoders/transfer.sh/server/storage.go:529.16,531.3 1 0
github.com/dutchcoders/transfer.sh/server/storage.go:538.76,542.16 4 0
github.com/dutchcoders/transfer.sh/server/storage.go:546.2,546.34 1 0
github.com/dutchcoders/transfer.sh/server/storage.go:542.16,544.3 1 0
github.com/dutchcoders/transfer.sh/server/utils.go:40.105,47.2 1 0
github.com/dutchcoders/transfer.sh/server/utils.go:49.51,52.2 1 0
github.com/dutchcoders/transfer.sh/server/utils.go:80.51,85.19 1 0
github.com/dutchcoders/transfer.sh/server/utils.go:88.2,88.25 1 0
github.com/dutchcoders/transfer.sh/server/utils.go:91.2,91.26 1 0
github.com/dutchcoders/transfer.sh/server/utils.go:96.2,102.21 6 0
github.com/dutchcoders/transfer.sh/server/utils.go:162.2,163.22 2 0
github.com/dutchcoders/transfer.sh/server/utils.go:174.2,180.26 3 0
github.com/dutchcoders/transfer.sh/server/utils.go:188.2,188.20 1 0
github.com/dutchcoders/transfer.sh/server/utils.go:193.2,195.30 2 0
github.com/dutchcoders/transfer.sh/server/utils.go:199.2,199.48 1 0
github.com/dutchcoders/transfer.sh/server/utils.go:85.19,87.3 1 0
github.com/dutchcoders/transfer.sh/server/utils.go:88.25,90.3 1 0
github.com/dutchcoders/transfer.sh/server/utils.go:91.26,93.3 1 0
github.com/dutchcoders/transfer.sh/server/utils.go:102.21,111.45 5 0
github.com/dutchcoders/transfer.sh/server/utils.go:117.3,117.38 1 0
github.com/dutchcoders/transfer.sh/server/utils.go:111.45,112.34 1 0
github.com/dutchcoders/transfer.sh/server/utils.go:112.34,114.5 1 0
github.com/dutchcoders/transfer.sh/server/utils.go:117.38,126.38 1 0
github.com/dutchcoders/transfer.sh/server/utils.go:140.4,140.40 1 0
github.com/dutchcoders/transfer.sh/server/utils.go:154.4,154.40 1 0
github.com/dutchcoders/transfer.sh/server/utils.go:126.38,127.63 1 0
github.com/dutchcoders/transfer.sh/server/utils.go:130.5,131.56 2 0
github.com/dutchcoders/transfer.sh/server/utils.go:127.63,128.61 1 0
github.com/dutchcoders/transfer.sh/server/utils.go:140.40,141.69 1 0
github.com/dutchcoders/transfer.sh/server/utils.go:144.5,145.56 2 0
github.com/dutchcoders/transfer.sh/server/utils.go:141.69,142.98 1 0
github.com/dutchcoders/transfer.sh/server/utils.go:154.40,157.5 2 0
github.com/dutchcoders/transfer.sh/server/utils.go:163.22,165.3 1 0
github.com/dutchcoders/transfer.sh/server/utils.go:165.8,165.30 1 0
github.com/dutchcoders/transfer.sh/server/utils.go:165.30,168.3 2 0
github.com/dutchcoders/transfer.sh/server/utils.go:168.8,171.3 2 0
github.com/dutchcoders/transfer.sh/server/utils.go:180.26,181.32 1 0
github.com/dutchcoders/transfer.sh/server/utils.go:181.32,184.4 2 0
github.com/dutchcoders/transfer.sh/server/utils.go:188.20,190.3 1 0
github.com/dutchcoders/transfer.sh/server/utils.go:195.30,197.3 1 0
github.com/dutchcoders/transfer.sh/server/utils.go:202.49,204.2 1 0
github.com/dutchcoders/transfer.sh/server/utils.go:208.44,210.15 2 4
github.com/dutchcoders/transfer.sh/server/utils.go:213.2,213.16 1 0
github.com/dutchcoders/transfer.sh/server/utils.go:210.15,212.3 1 4
github.com/dutchcoders/transfer.sh/server/utils.go:216.43,220.46 4 0
github.com/dutchcoders/transfer.sh/server/utils.go:223.2,223.27 1 0
github.com/dutchcoders/transfer.sh/server/utils.go:233.2,233.18 1 0
github.com/dutchcoders/transfer.sh/server/utils.go:220.46,222.3 1 0
github.com/dutchcoders/transfer.sh/server/utils.go:223.27,226.27 2 0
github.com/dutchcoders/transfer.sh/server/utils.go:231.3,231.18 1 0
github.com/dutchcoders/transfer.sh/server/utils.go:226.27,228.4 1 0
github.com/dutchcoders/transfer.sh/server/utils.go:236.37,243.2 2 0
github.com/dutchcoders/transfer.sh/server/utils.go:245.40,248.27 2 0
github.com/dutchcoders/transfer.sh/server/utils.go:254.2,254.16 1 0
github.com/dutchcoders/transfer.sh/server/utils.go:248.27,249.29 1 0
github.com/dutchcoders/transfer.sh/server/utils.go:249.29,251.4 1 0
github.com/dutchcoders/transfer.sh/server/virustotal.go:38.76,49.16 7 0
github.com/dutchcoders/transfer.sh/server/virustotal.go:53.2,58.16 4 0
github.com/dutchcoders/transfer.sh/server/virustotal.go:62.2,63.56 2 0
github.com/dutchcoders/transfer.sh/server/virustotal.go:49.16,51.3 1 0
github.com/dutchcoders/transfer.sh/server/virustotal.go:58.16,60.3 1 0
github.com/dutchcoders/transfer.sh/server/codec.go:42.34,46.22 3 0
github.com/dutchcoders/transfer.sh/server/codec.go:50.2,50.15 1 0
github.com/dutchcoders/transfer.sh/server/codec.go:46.22,49.3 2 0
github.com/dutchcoders/transfer.sh/server/codec.go:55.33,59.45 4 0
github.com/dutchcoders/transfer.sh/server/codec.go:64.2,64.19 1 0
github.com/dutchcoders/transfer.sh/server/codec.go:59.45,63.3 3 0
github.com/dutchcoders/transfer.sh/server/handlers.go:88.38,90.2 1 0
github.com/dutchcoders/transfer.sh/server/handlers.go:92.50,98.2 3 1
github.com/dutchcoders/transfer.sh/server/handlers.go:100.50,107.2 3 1
github.com/dutchcoders/transfer.sh/server/handlers.go:109.60,111.2 1 0
github.com/dutchcoders/transfer.sh/server/handlers.go:113.61,119.2 5 0
github.com/dutchcoders/transfer.sh/server/handlers.go:122.73,130.16 5 0
github.com/dutchcoders/transfer.sh/server/handlers.go:136.2,138.16 3 0
github.com/dutchcoders/transfer.sh/server/handlers.go:143.2,146.9 3 0
github.com/dutchcoders/transfer.sh/server/handlers.go:183.2,189.16 7 0
github.com/dutchcoders/transfer.sh/server/handlers.go:194.2,225.77 5 0
github.com/dutchcoders/transfer.sh/server/handlers.go:130.16,134.3 3 0
github.com/dutchcoders/transfer.sh/server/handlers.go:138.16,141.3 2 0
github.com/dutchcoders/transfer.sh/server/handlers.go:147.48,148.39 1 0
github.com/dutchcoders/transfer.sh/server/handlers.go:149.48,150.39 1 0
github.com/dutchcoders/transfer.sh/server/handlers.go:151.48,152.39 1 0
github.com/dutchcoders/transfer.sh/server/handlers.go:153.47,157.66 3 0
github.com/dutchcoders/transfer.sh/server/handlers.go:162.3,164.62 3 0
github.com/dutchcoders/transfer.sh/server/handlers.go:169.3,169.107 1 0
github.com/dutchcoders/transfer.sh/server/handlers.go:179.10,180.33 1 0
github.com/dutchcoders/transfer.sh/server/handlers.go:157.66,160.4 2 0
github.com/dutchcoders/transfer.sh/server/handlers.go:164.62,167.4 2 0
github.com/dutchcoders/transfer.sh/server/handlers.go:169.107,173.4 3 0
github.com/dutchcoders/transfer.sh/server/handlers.go:173.9,173.58 1 0
github.com/dutchcoders/transfer.sh/server/handlers.go:173.58,175.4 1 0
github.com/dutchcoders/transfer.sh/server/handlers.go:175.9,177.4 1 0
github.com/dutchcoders/transfer.sh/server/handlers.go:189.16,192.3 2 0
github.com/dutchcoders/transfer.sh/server/handlers.go:225.77,228.3 2 0
github.com/dutchcoders/transfer.sh/server/handlers.go:235.70,253.27 4 0
github.com/dutchcoders/transfer.sh/server/handlers.go:253.27,254.78 1 0
github.com/dutchcoders/transfer.sh/server/handlers.go:254.78,257.4 2 0
github.com/dutchcoders/transfer.sh/server/handlers.go:258.8,259.77 1 0
github.com/dutchcoders/transfer.sh/server/handlers.go:259.77,262.4 2 0
github.com/dutchcoders/transfer.sh/server/handlers.go:266.74,268.2 1 0
github.com/dutchcoders/transfer.sh/server/handlers.go:270.39,272.2 1 0
github.com/dutchcoders/transfer.sh/server/handlers.go:274.70,275.51 1 0
github.com/dutchcoders/transfer.sh/server/handlers.go:281.2,286.22 5 0
github.com/dutchcoders/transfer.sh/server/handlers.go:294.2,298.48 3 0
github.com/dutchcoders/transfer.sh/server/handlers.go:275.51,279.3 3 0
github.com/dutchcoders/transfer.sh/server/handlers.go:286.22,288.17 2 0
github.com/dutchcoders/transfer.sh/server/handlers.go:288.17,291.4 2 0
github.com/dutchcoders/transfer.sh/server/handlers.go:298.48,299.36 1 0
github.com/dutchcoders/transfer.sh/server/handlers.go:299.36,303.25 3 0
github.com/dutchcoders/transfer.sh/server/handlers.go:307.4,310.43 3 0
github.com/dutchcoders/transfer.sh/server/handlers.go:316.4,319.35 3 0
github.com/dutchcoders/transfer.sh/server/handlers.go:325.4,328.16 3 0
github.com/dutchcoders/transfer.sh/server/handlers.go:348.4,352.54 3 0
github.com/dutchcoders/transfer.sh/server/handlers.go:358.4,358.31 1 0
github.com/dutchcoders/transfer.sh/server/handlers.go:362.4,362.24 1 0
github.com/dutchcoders/transfer.sh/server/handlers.go:368.4,369.67 2 0
github.com/dutchcoders/transfer.sh/server/handlers.go:383.4,385.100 2 0
github.com/dutchcoders/transfer.sh/server/handlers.go:392.4,396.22 4 0
github.com/dutchcoders/transfer.sh/server/handlers.go:303.25,305.5 1 0
github.com/dutchcoders/transfer.sh/server/handlers.go:310.43,314.5 3 0
github.com/dutchcoders/transfer.sh/server/handlers.go:319.35,323.5 3 0
github.com/dutchcoders/transfer.sh/server/handlers.go:328.16,330.19 2 0
github.com/dutchcoders/transfer.sh/server/handlers.go:334.5,335.19 2 0
github.com/dutchcoders/transfer.sh/server/handlers.go:343.5,343.39 1 0
github.com/dutchcoders/transfer.sh/server/handlers.go:330.19,332.6 1 0
github.com/dutchcoders/transfer.sh/server/handlers.go:335.19,341.6 4 0
github.com/dutchcoders/transfer.sh/server/handlers.go:344.10,346.5 1 0
github.com/dutchcoders/transfer.sh/server/handlers.go:352.54,356.5 3 0
github.com/dutchcoders/transfer.sh/server/handlers.go:358.31,360.5 1 0
github.com/dutchcoders/transfer.sh/server/handlers.go:362.24,366.5 3 0
github.com/dutchcoders/transfer.sh/server/handlers.go:369.67,375.5 4 0
github.com/dutchcoders/transfer.sh/server/handlers.go:375.10,375.143 1 0
github.com/dutchcoders/transfer.sh/server/handlers.go:375.143,381.5 4 0
github.com/dutchcoders/transfer.sh/server/handlers.go:385.100,390.5 3 0
github.com/dutchcoders/transfer.sh/server/handlers.go:401.31,402.14 1 0
github.com/dutchcoders/transfer.sh/server/handlers.go:402.14,404.17 2 0
github.com/dutchcoders/transfer.sh/server/handlers.go:408.3,409.17 2 0
github.com/dutchcoders/transfer.sh/server/handlers.go:404.17,406.4 1 0
github.com/dutchcoders/transfer.sh/server/handlers.go:409.17,411.4 1 0
github.com/dutchcoders/transfer.sh/server/handlers.go:415.71,424.49 2 0
github.com/dutchcoders/transfer.sh/server/handlers.go:430.2,430.44 1 0
github.com/dutchcoders/transfer.sh/server/handlers.go:436.2,436.17 1 0
github.com/dutchcoders/transfer.sh/server/handlers.go:424.50,425.3 0 0
github.com/dutchcoders/transfer.sh/server/handlers.go:425.8,425.50 1 0
github.com/dutchcoders/transfer.sh/server/handlers.go:425.51,426.3 0 0
github.com/dutchcoders/transfer.sh/server/handlers.go:426.8,428.3 1 0
github.com/dutchcoders/transfer.sh/server/handlers.go:430.45,431.3 0 0
github.com/dutchcoders/transfer.sh/server/handlers.go:431.8,431.50 1 0
github.com/dutchcoders/transfer.sh/server/handlers.go:431.51,432.3 0 0
github.com/dutchcoders/transfer.sh/server/handlers.go:432.8,434.3 1 0
github.com/dutchcoders/transfer.sh/server/handlers.go:439.69,452.25 7 0
github.com/dutchcoders/transfer.sh/server/handlers.go:495.2,495.24 1 0
github.com/dutchcoders/transfer.sh/server/handlers.go:501.2,503.23 2 0
github.com/dutchcoders/transfer.sh/server/handlers.go:507.2,512.65 4 0
github.com/dutchcoders/transfer.sh/server/handlers.go:522.2,526.98 3 0
github.com/dutchcoders/transfer.sh/server/handlers.go:534.2,542.43 6 0
github.com/dutchcoders/transfer.sh/server/handlers.go:452.25,462.34 6 0
github.com/dutchcoders/transfer.sh/server/handlers.go:468.3,470.15 2 0
github.com/dutchcoders/transfer.sh/server/handlers.go:492.3,492.20 1 0
github.com/dutchcoders/transfer.sh/server/handlers.go:462.34,466.4 3 0
github.com/dutchcoders/transfer.sh/server/handlers.go:470.15,472.18 2 0
github.com/dutchcoders/transfer.sh/server/handlers.go:478.4,481.18 3 0
github.com/dutchcoders/transfer.sh/server/handlers.go:487.4,487.38 1 0
github.com/dutchcoders/transfer.sh/server/handlers.go:472.18,476.5 3 0
github.com/dutchcoders/transfer.sh/server/handlers.go:481.18,485.5 3 0
github.com/dutchcoders/transfer.sh/server/handlers.go:488.9,490.4 1 0
github.com/dutchcoders/transfer.sh/server/handlers.go:495.24,499.3 3 0
github.com/dutchcoders/transfer.sh/server/handlers.go:503.23,505.3 1 0
github.com/dutchcoders/transfer.sh/server/handlers.go:512.65,516.3 3 0
github.com/dutchcoders/transfer.sh/server/handlers.go:516.8,516.141 1 0
github.com/dutchcoders/transfer.sh/server/handlers.go:516.141,520.3 3 0
github.com/dutchcoders/transfer.sh/server/handlers.go:526.98,530.3 3 0
github.com/dutchcoders/transfer.sh/server/handlers.go:545.53,549.2 2 0
github.com/dutchcoders/transfer.sh/server/handlers.go:551.47,552.33 1 0
github.com/dutchcoders/transfer.sh/server/handlers.go:556.2,556.39 1 0
github.com/dutchcoders/transfer.sh/server/handlers.go:560.2,562.12 2 0
github.com/dutchcoders/transfer.sh/server/handlers.go:552.33,554.3 1 0
github.com/dutchcoders/transfer.sh/server/handlers.go:556.39,558.3 1 0
github.com/dutchcoders/transfer.sh/server/handlers.go:565.66,570.25 3 0
github.com/dutchcoders/transfer.sh/server/handlers.go:581.2,581.19 1 0
github.com/dutchcoders/transfer.sh/server/handlers.go:570.25,574.3 1 0
github.com/dutchcoders/transfer.sh/server/handlers.go:574.8,579.3 1 0
github.com/dutchcoders/transfer.sh/server/handlers.go:584.39,587.18 2 1
github.com/dutchcoders/transfer.sh/server/handlers.go:595.2,595.18 1 1
github.com/dutchcoders/transfer.sh/server/handlers.go:608.2,608.10 1 1
github.com/dutchcoders/transfer.sh/server/handlers.go:587.18,589.3 1 0
github.com/dutchcoders/transfer.sh/server/handlers.go:589.8,589.68 1 1
github.com/dutchcoders/transfer.sh/server/handlers.go:589.68,591.3 1 0
github.com/dutchcoders/transfer.sh/server/handlers.go:591.8,593.3 1 1
github.com/dutchcoders/transfer.sh/server/handlers.go:595.19,596.3 0 1
github.com/dutchcoders/transfer.sh/server/handlers.go:596.8,596.69 1 0
github.com/dutchcoders/transfer.sh/server/handlers.go:596.69,598.3 1 0
github.com/dutchcoders/transfer.sh/server/handlers.go:598.8,599.41 1 0
github.com/dutchcoders/transfer.sh/server/handlers.go:599.41,601.4 1 0
github.com/dutchcoders/transfer.sh/server/handlers.go:601.9,601.50 1 0
github.com/dutchcoders/transfer.sh/server/handlers.go:601.50,603.4 1 0
github.com/dutchcoders/transfer.sh/server/handlers.go:603.9,605.4 1 0
github.com/dutchcoders/transfer.sh/server/handlers.go:611.98,612.31 1 0
github.com/dutchcoders/transfer.sh/server/handlers.go:619.2,619.33 1 0
github.com/dutchcoders/transfer.sh/server/handlers.go:625.2,625.42 1 0
github.com/dutchcoders/transfer.sh/server/handlers.go:612.31,614.3 1 0
github.com/dutchcoders/transfer.sh/server/handlers.go:614.8,617.3 2 0
github.com/dutchcoders/transfer.sh/server/handlers.go:619.33,621.3 1 0
github.com/dutchcoders/transfer.sh/server/handlers.go:621.8,623.3 1 0
github.com/dutchcoders/transfer.sh/server/handlers.go:628.53,631.32 2 0
github.com/dutchcoders/transfer.sh/server/handlers.go:635.2,637.12 2 0
github.com/dutchcoders/transfer.sh/server/handlers.go:631.32,633.3 1 0
github.com/dutchcoders/transfer.sh/server/handlers.go:640.55,645.2 3 0
github.com/dutchcoders/transfer.sh/server/handlers.go:647.97,654.39 5 0
github.com/dutchcoders/transfer.sh/server/handlers.go:660.2,662.61 2 0
github.com/dutchcoders/transfer.sh/server/handlers.go:684.2,684.22 1 0
github.com/dutchcoders/transfer.sh/server/handlers.go:654.39,656.3 1 0
github.com/dutchcoders/transfer.sh/server/handlers.go:656.8,656.23 1 0
github.com/dutchcoders/transfer.sh/server/handlers.go:656.23,658.3 1 0
github.com/dutchcoders/transfer.sh/server/handlers.go:662.61,664.3 1 0
github.com/dutchcoders/transfer.sh/server/handlers.go:664.8,664.87 1 0
github.com/dutchcoders/transfer.sh/server/handlers.go:664.87,666.3 1 0
github.com/dutchcoders/transfer.sh/server/handlers.go:666.8,666.77 1 0
github.com/dutchcoders/transfer.sh/server/handlers.go:666.77,668.3 1 0
github.com/dutchcoders/transfer.sh/server/handlers.go:668.8,672.23 1 0
github.com/dutchcoders/transfer.sh/server/handlers.go:676.3,677.66 2 0
github.com/dutchcoders/transfer.sh/server/handlers.go:672.23,674.4 1 0
github.com/dutchcoders/transfer.sh/server/handlers.go:677.66,679.4 1 0
github.com/dutchcoders/transfer.sh/server/handlers.go:679.9,679.142 1 0
github.com/dutchcoders/transfer.sh/server/handlers.go:679.142,681.4 1 0
github.com/dutchcoders/transfer.sh/server/handlers.go:687.82,694.31 5 0
github.com/dutchcoders/transfer.sh/server/handlers.go:700.2,702.61 2 0
github.com/dutchcoders/transfer.sh/server/handlers.go:708.2,708.12 1 0
github.com/dutchcoders/transfer.sh/server/handlers.go:694.31,696.3 1 0
github.com/dutchcoders/transfer.sh/server/handlers.go:696.8,696.23 1 0
github.com/dutchcoders/transfer.sh/server/handlers.go:696.23,698.3 1 0
github.com/dutchcoders/transfer.sh/server/handlers.go:702.61,704.3 1 0
github.com/dutchcoders/transfer.sh/server/handlers.go:704.8,704.52 1 0
github.com/dutchcoders/transfer.sh/server/handlers.go:704.52,706.3 1 0
github.com/dutchcoders/transfer.sh/server/handlers.go:711.72,718.39 5 0
github.com/dutchcoders/transfer.sh/server/handlers.go:724.2,726.61 2 0
github.com/dutchcoders/transfer.sh/server/handlers.go:729.2,729.22 1 0
github.com/dutchcoders/transfer.sh/server/handlers.go:718.39,720.3 1 0
github.com/dutchcoders/transfer.sh/server/handlers.go:720.8,720.23 1 0
github.com/dutchcoders/transfer.sh/server/handlers.go:720.23,722.3 1 0
github.com/dutchcoders/transfer.sh/server/handlers.go:726.61,728.3 1 0
github.com/dutchcoders/transfer.sh/server/handlers.go:732.72,739.77 5 0
github.com/dutchcoders/transfer.sh/server/handlers.go:745.2,747.31 3 0
github.com/dutchcoders/transfer.sh/server/handlers.go:739.77,743.3 3 0
github.com/dutchcoders/transfer.sh/server/handlers.go:747.31,750.3 2 0
github.com/dutchcoders/transfer.sh/server/handlers.go:750.8,750.23 1 0
github.com/dutchcoders/transfer.sh/server/handlers.go:750.23,754.3 3 0
github.com/dutchcoders/transfer.sh/server/handlers.go:757.69,770.48 8 0
github.com/dutchcoders/transfer.sh/server/handlers.go:818.2,818.35 1 0
github.com/dutchcoders/transfer.sh/server/handlers.go:770.48,776.67 4 0
github.com/dutchcoders/transfer.sh/server/handlers.go:781.3,783.17 2 0
github.com/dutchcoders/transfer.sh/server/handlers.go:794.3,805.17 4 0
github.com/dutchcoders/transfer.sh/server/handlers.go:811.3,811.47 1 0
github.com/dutchcoders/transfer.sh/server/handlers.go:776.67,778.12 2 0
github.com/dutchcoders/transfer.sh/server/handlers.go:783.17,784.33 1 0
github.com/dutchcoders/transfer.sh/server/handlers.go:784.33,787.5 2 0
github.com/dutchcoders/transfer.sh/server/handlers.go:787.10,791.5 3 0
github.com/dutchcoders/transfer.sh/server/handlers.go:805.17,809.4 3 0
github.com/dutchcoders/transfer.sh/server/handlers.go:811.47,815.4 3 0
github.com/dutchcoders/transfer.sh/server/handlers.go:818.35,822.3 3 0
github.com/dutchcoders/transfer.sh/server/handlers.go:825.71,842.48 11 0
github.com/dutchcoders/transfer.sh/server/handlers.go:842.48,848.67 4 0
github.com/dutchcoders/transfer.sh/server/handlers.go:853.3,854.17 2 0
github.com/dutchcoders/transfer.sh/server/handlers.go:865.3,873.17 4 0
github.com/dutchcoders/transfer.sh/server/handlers.go:879.3,879.47 1 0
github.com/dutchcoders/transfer.sh/server/handlers.go:848.67,850.12 2 0
github.com/dutchcoders/transfer.sh/server/handlers.go:854.17,855.33 1 0
github.com/dutchcoders/transfer.sh/server/handlers.go:855.33,858.5 2 0
github.com/dutchcoders/transfer.sh/server/handlers.go:858.10,862.5 3 0
github.com/dutchcoders/transfer.sh/server/handlers.go:873.17,877.4 3 0
github.com/dutchcoders/transfer.sh/server/handlers.go:879.47,883.4 3 0
github.com/dutchcoders/transfer.sh/server/handlers.go:887.69,901.48 9 0
github.com/dutchcoders/transfer.sh/server/handlers.go:901.48,907.67 4 0
github.com/dutchcoders/transfer.sh/server/handlers.go:912.3,913.17 2 0
github.com/dutchcoders/transfer.sh/server/handlers.go:924.3,932.17 4 0
github.com/dutchcoders/transfer.sh/server/handlers.go:938.3,938.47 1 0
github.com/dutchcoders/transfer.sh/server/handlers.go:907.67,909.12 2 0
github.com/dutchcoders/transfer.sh/server/handlers.go:913.17,914.33 1 0
github.com/dutchcoders/transfer.sh/server/handlers.go:914.33,917.5 2 0
github.com/dutchcoders/transfer.sh/server/handlers.go:917.10,921.5 3 0
github.com/dutchcoders/transfer.sh/server/handlers.go:932.17,936.4 3 0
github.com/dutchcoders/transfer.sh/server/handlers.go:938.47,942.4 3 0
github.com/dutchcoders/transfer.sh/server/handlers.go:946.70,954.16 5 0
github.com/dutchcoders/transfer.sh/server/handlers.go:960.2,962.31 3 0
github.com/dutchcoders/transfer.sh/server/handlers.go:971.2,977.51 6 0
github.com/dutchcoders/transfer.sh/server/handlers.go:954.16,958.3 3 0
github.com/dutchcoders/transfer.sh/server/handlers.go:962.31,965.3 2 0
github.com/dutchcoders/transfer.sh/server/handlers.go:965.8,965.23 1 0
github.com/dutchcoders/transfer.sh/server/handlers.go:965.23,969.3 3 0
github.com/dutchcoders/transfer.sh/server/handlers.go:980.69,989.16 6 0
github.com/dutchcoders/transfer.sh/server/handlers.go:995.2,997.31 3 0
github.com/dutchcoders/transfer.sh/server/handlers.go:1006.2,1010.24 3 0
github.com/dutchcoders/transfer.sh/server/handlers.go:1016.2,1025.35 8 0
github.com/dutchcoders/transfer.sh/server/handlers.go:1035.2,1036.16 2 0
github.com/dutchcoders/transfer.sh/server/handlers.go:1042.2,1045.6 3 0
github.com/dutchcoders/transfer.sh/server/handlers.go:1059.2,1059.53 1 0
github.com/dutchcoders/transfer.sh/server/handlers.go:989.16,993.3 3 0
github.com/dutchcoders/transfer.sh/server/handlers.go:997.31,1000.3 2 0
github.com/dutchcoders/transfer.sh/server/handlers.go:1000.8,1000.23 1 0
github.com/dutchcoders/transfer.sh/server/handlers.go:1000.23,1004.3 3 0
github.com/dutchcoders/transfer.sh/server/handlers.go:1010.24,1012.3 1 0
github.com/dutchcoders/transfer.sh/server/handlers.go:1012.8,1014.3 1 0
github.com/dutchcoders/transfer.sh/server/handlers.go:1025.35,1026.46 1 0
github.com/dutchcoders/transfer.sh/server/handlers.go:1032.3,1032.9 1 0
github.com/dutchcoders/transfer.sh/server/handlers.go:1026.46,1030.4 3 0
github.com/dutchcoders/transfer.sh/server/handlers.go:1036.16,1040.3 3 0
github.com/dutchcoders/transfer.sh/server/handlers.go:1045.6,1048.20 3 0
github.com/dutchcoders/transfer.sh/server/handlers.go:1052.3,1052.17 1 0
github.com/dutchcoders/transfer.sh/server/handlers.go:1048.20,1049.9 1 0
github.com/dutchcoders/transfer.sh/server/handlers.go:1052.17,1056.4 3 0
github.com/dutchcoders/transfer.sh/server/handlers.go:1062.67,1063.54 1 6
github.com/dutchcoders/transfer.sh/server/handlers.go:1063.54,1064.20 1 6
github.com/dutchcoders/transfer.sh/server/handlers.go:1080.3,1080.20 1 5
github.com/dutchcoders/transfer.sh/server/handlers.go:1064.21,1066.4 0 2
github.com/dutchcoders/transfer.sh/server/handlers.go:1066.9,1066.42 1 4
github.com/dutchcoders/transfer.sh/server/handlers.go:1066.43,1068.4 0 0
github.com/dutchcoders/transfer.sh/server/handlers.go:1068.9,1068.71 1 4
github.com/dutchcoders/transfer.sh/server/handlers.go:1068.72,1070.4 0 1
github.com/dutchcoders/transfer.sh/server/handlers.go:1070.9,1070.58 1 3
github.com/dutchcoders/transfer.sh/server/handlers.go:1070.59,1071.4 0 1
github.com/dutchcoders/transfer.sh/server/handlers.go:1071.9,1071.37 1 2
github.com/dutchcoders/transfer.sh/server/handlers.go:1071.38,1072.4 0 1
github.com/dutchcoders/transfer.sh/server/handlers.go:1072.9,1078.4 4 1
github.com/dutchcoders/transfer.sh/server/handlers.go:1085.51,1086.54 1 0
github.com/dutchcoders/transfer.sh/server/handlers.go:1086.54,1091.3 4 0
github.com/dutchcoders/transfer.sh/server/handlers.go:1094.89,1095.54 1 0
github.com/dutchcoders/transfer.sh/server/handlers.go:1095.54,1096.29 1 0
github.com/dutchcoders/transfer.sh/server/handlers.go:1101.3,1101.9 1 0
github.com/dutchcoders/transfer.sh/server/handlers.go:1096.29,1098.4 1 0
github.com/dutchcoders/transfer.sh/server/handlers.go:1098.9,1100.4 1 0
github.com/dutchcoders/transfer.sh/server/handlers.go:1105.68,1106.54 1 0
github.com/dutchcoders/transfer.sh/server/handlers.go:1106.54,1108.10 2 0
github.com/dutchcoders/transfer.sh/server/handlers.go:1113.3,1116.22 3 0
github.com/dutchcoders/transfer.sh/server/handlers.go:1121.3,1121.83 1 0
github.com/dutchcoders/transfer.sh/server/handlers.go:1126.3,1126.20 1 0
github.com/dutchcoders/transfer.sh/server/handlers.go:1108.10,1111.4 2 0
github.com/dutchcoders/transfer.sh/server/handlers.go:1116.22,1119.4 2 0
github.com/dutchcoders/transfer.sh/server/handlers.go:1121.83,1124.4 2 0
github.com/dutchcoders/transfer.sh/server/handlers.go:1130.66,1131.54 1 0
github.com/dutchcoders/transfer.sh/server/handlers.go:1131.54,1137.17 5 0
github.com/dutchcoders/transfer.sh/server/handlers.go:1142.3,1143.22 2 0
github.com/dutchcoders/transfer.sh/server/handlers.go:1137.17,1141.4 3 0
github.com/dutchcoders/transfer.sh/server/handlers.go:1147.57,1148.54 1 0
github.com/dutchcoders/transfer.sh/server/handlers.go:1148.54,1150.40 2 0
github.com/dutchcoders/transfer.sh/server/handlers.go:1159.3,1159.20 1 0
github.com/dutchcoders/transfer.sh/server/handlers.go:1150.40,1153.4 2 0
github.com/dutchcoders/transfer.sh/server/handlers.go:1153.9,1154.41 1 0
github.com/dutchcoders/transfer.sh/server/handlers.go:1154.41,1157.5 2 0
github.com/dutchcoders/transfer.sh/server/handlers.go:1163.69,1164.54 1 0
github.com/dutchcoders/transfer.sh/server/handlers.go:1164.54,1167.10 3 0
github.com/dutchcoders/transfer.sh/server/handlers.go:1171.3,1171.31 1 0
github.com/dutchcoders/transfer.sh/server/handlers.go:1175.3,1179.47 4 0
github.com/dutchcoders/transfer.sh/server/handlers.go:1194.3,1197.22 3 0
github.com/dutchcoders/transfer.sh/server/handlers.go:1201.3,1202.17 2 0
github.com/dutchcoders/transfer.sh/server/handlers.go:1205.3,1205.10 1 0
github.com/dutchcoders/transfer.sh/server/handlers.go:1209.3,1209.20 1 0
github.com/dutchcoders/transfer.sh/server/handlers.go:1167.10,1170.4 2 0
github.com/dutchcoders/transfer.sh/server/handlers.go:1171.31,1173.4 1 0
github.com/dutchcoders/transfer.sh/server/handlers.go:1179.47,1180.20 1 0
github.com/dutchcoders/transfer.sh/server/handlers.go:1181.13,1183.12 2 0
github.com/dutchcoders/transfer.sh/server/handlers.go:1187.5,1187.30 1 0
github.com/dutchcoders/transfer.sh/server/handlers.go:1188.18,1189.26 1 0
github.com/dutchcoders/transfer.sh/server/handlers.go:1190.12,1190.12 0 0
github.com/dutchcoders/transfer.sh/server/handlers.go:1183.12,1186.6 2 0
github.com/dutchcoders/transfer.sh/server/handlers.go:1197.22,1200.4 2 0
github.com/dutchcoders/transfer.sh/server/handlers.go:1202.17,1204.4 1 0
github.com/dutchcoders/transfer.sh/server/handlers.go:1205.10,1208.4 2 0
github.com/dutchcoders/transfer.sh/server/handlers.go:1213.47,1217.2 3 0
github.com/dutchcoders/transfer.sh/server/handlers.go:1219.67,1224.19 4 0
github.com/dutchcoders/transfer.sh/server/handlers.go:1228.2,1228.25 1 0
github.com/dutchcoders/transfer.sh/server/handlers.go:1238.2,1238.43 1 0
github.com/dutchcoders/transfer.sh/server/handlers.go:1242.2,1242.29 1 0
github.com/dutchcoders/transfer.sh/server/handlers.go:1224.19,1226.3 1 0
github.com/dutchcoders/transfer.sh/server/handlers.go:1228.25,1229.51 1 0
github.com/dutchcoders/transfer.sh/server/handlers.go:1233.3,1233.51 1 0
github.com/dutchcoders/transfer.sh/server/handlers.go:1229.51,1231.12 2 0
github.com/dutchcoders/transfer.sh/server/handlers.go:1233.51,1235.4 1 0
github.com/dutchcoders/transfer.sh/server/handlers.go:1238.43,1240.3 1 0
github.com/dutchcoders/transfer.sh/server/metadata.go:41.70,42.46 1 0
github.com/dutchcoders/transfer.sh/server/metadata.go:45.2,45.19 1 0
github.com/dutchcoders/transfer.sh/server/metadata.go:42.46,44.3 1 0
github.com/dutchcoders/transfer.sh/server/metadata.go:48.40,50.2 1 0
github.com/dutchcoders/transfer.sh/server/metadata.go:52.43,53.32 1 0
github.com/dutchcoders/transfer.sh/server/metadata.go:58.2,58.14 1 0
github.com/dutchcoders/transfer.sh/server/metadata.go:53.32,54.14 1 0
github.com/dutchcoders/transfer.sh/server/metadata.go:54.14,56.4 1 0
github.com/dutchcoders/transfer.sh/server/metadata.go:61.54,62.26 1 0
github.com/dutchcoders/transfer.sh/server/metadata.go:65.2,67.35 3 0
github.com/dutchcoders/transfer.sh/server/metadata.go:70.2,70.26 1 0
github.com/dutchcoders/transfer.sh/server/metadata.go:75.2,75.29 1 0
github.com/dutchcoders/transfer.sh/server/metadata.go:80.2,80.14 1 0
github.com/dutchcoders/transfer.sh/server/metadata.go:62.26,64.3 1 0
github.com/dutchcoders/transfer.sh/server/metadata.go:67.35,69.3 1 0
github.com/dutchcoders/transfer.sh/server/metadata.go:70.26,71.25 1 0
github.com/dutchcoders/transfer.sh/server/metadata.go:71.25,73.4 1 0
github.com/dutchcoders/transfer.sh/server/metadata.go:75.29,76.29 1 0
github.com/dutchcoders/transfer.sh/server/metadata.go:76.29,78.4 1 0
github.com/dutchcoders/transfer.sh/server/server.go:111.48,117.35 2 6
github.com/dutchcoders/transfer.sh/server/server.go:121.2,121.15 1 6
github.com/dutchcoders/transfer.sh/server/server.go:117.35,119.3 1 4
github.com/dutchcoders/transfer.sh/server/server.go:124.13,126.2 1 1
github.com/dutchcoders/transfer.sh/server/server.go:128.24,131.23 2 0
github.com/dutchcoders/transfer.sh/server/server.go:141.2,145.21 3 0
github.com/dutchcoders/transfer.sh/server/server.go:173.2,195.123 17 0
github.com/dutchcoders/transfer.sh/server/server.go:217.2,218.29 2 0
github.com/dutchcoders/transfer.sh/server/server.go:222.2,246.28 14 0
github.com/dutchcoders/transfer.sh/server/server.go:258.2,270.24 2 0
github.com/dutchcoders/transfer.sh/server/server.go:284.2,284.31 1 0
github.com/dutchcoders/transfer.sh/server/server.go:301.2,307.15 5 0
github.com/dutchcoders/transfer.sh/server/server.go:313.2,313.36 1 0
github.com/dutchcoders/transfer.sh/server/server.go:131.23,134.13 2 0
github.com/dutchcoders/transfer.sh/server/server.go:134.13,138.4 2 0
github.com/dutchcoders/transfer.sh/server/server.go:145.21,152.3 4 0
github.com/dutchcoders/transfer.sh/server/server.go:152.8,156.54 1 0
github.com/dutchcoders/transfer.sh/server/server.go:162.3,162.41 1 0
github.com/dutchcoders/transfer.sh/server/server.go:156.54,158.5 1 0
github.com/dutchcoders/transfer.sh/server/server.go:162.41,164.18 2 0
github.com/dutchcoders/transfer.sh/server/server.go:168.4,169.61 2 0
github.com/dutchcoders/transfer.sh/server/server.go:164.18,166.5 1 0
github.com/dutchcoders/transfer.sh/server/server.go:195.123,201.29 2 0
github.com/dutchcoders/transfer.sh/server/server.go:205.3,208.17 3 0
github.com/dutchcoders/transfer.sh/server/server.go:213.3,214.9 2 0
github.com/dutchcoders/transfer.sh/server/server.go:201.29,203.4 1 0
github.com/dutchcoders/transfer.sh/server/server.go:208.17,211.4 2 0
github.com/dutchcoders/transfer.sh/server/server.go:218.29,220.3 1 0
github.com/dutchcoders/transfer.sh/server/server.go:246.28,252.3 1 0
github.com/dutchcoders/transfer.sh/server/server.go:252.8,253.44 1 0
github.com/dutchcoders/transfer.sh/server/server.go:253.44,255.4 1 0
github.com/dutchcoders/transfer.sh/server/server.go:270.24,279.13 4 0
github.com/dutchcoders/transfer.sh/server/server.go:279.13,281.4 1 0
github.com/dutchcoders/transfer.sh/server/server.go:284.31,288.13 3 0
github.com/dutchcoders/transfer.sh/server/server.go:288.13,295.54 2 0
github.com/dutchcoders/transfer.sh/server/server.go:295.54,296.15 1 0
github.com/dutchcoders/transfer.sh/server/server.go:307.15,309.3 1 0
github.com/dutchcoders/transfer.sh/server/server.go:309.8,311.3 1 0
github.com/dutchcoders/transfer.sh/server/server.go:316.63,319.2 2 0
github.com/dutchcoders/transfer.sh/server/server.go:321.86,322.44 1 0
github.com/dutchcoders/transfer.sh/server/server.go:325.2,325.19 1 0
github.com/dutchcoders/transfer.sh/server/server.go:322.44,324.3 1 0
